Using pre-set license
Built from '2020.3/staging' branch; Version is '2020.3.24f1 (79c78de19888) revision 7980941'; Using compiler version '192528614'; Build Type 'Release'
OS: 'Windows 10  (10.0.19043) 64bit Core' Language: 'no' Physical Memory: 16304 MB
BatchMode: 1, IsHumanControllingUs: 0, StartBugReporterOnCrash: 0, Is64bit: 1, IsPro: 0

COMMAND LINE ARGUMENTS:
C:\Program Files\Unity\Hub\Editor\2020.3.24f1\Editor\Unity.exe
-adb2
-batchMode
-noUpm
-name
AssetImportWorker0
-projectPath
C:/Users/olais/Documents/UnityGames/GameJam2
-logFile
Logs/AssetImportWorker0.log
-srvPort
56580
Successfully changed project path to: C:/Users/olais/Documents/UnityGames/GameJam2
C:/Users/olais/Documents/UnityGames/GameJam2
Using Asset Import Pipeline V2.
Refreshing native plugins compatible for Editor in 42.02 ms, found 2 plugins.
Preloading 0 native plugins for Editor in 0.00 ms.
Initialize engine version: 2020.3.24f1 (79c78de19888)
[Subsystems] Discovering subsystems at path C:/Program Files/Unity/Hub/Editor/2020.3.24f1/Editor/Data/Resources/UnitySubsystems
[Subsystems] Discovering subsystems at path C:/Users/olais/Documents/UnityGames/GameJam2/Assets
GfxDevice: creating device client; threaded=0
Direct3D:
    Version:  Direct3D 11.0 [level 11.1]
    Renderer: NVIDIA GeForce RTX 2060 (ID=0x1f11)
    Vendor:   
    VRAM:     5980 MB
    Driver:   27.21.14.5749
Initialize mono
Mono path[0] = 'C:/Program Files/Unity/Hub/Editor/2020.3.24f1/Editor/Data/Managed'
Mono path[1] = 'C:/Program Files/Unity/Hub/Editor/2020.3.24f1/Editor/Data/MonoBleedingEdge/lib/mono/unityjit'
Mono config path = 'C:/Program Files/Unity/Hub/Editor/2020.3.24f1/Editor/Data/MonoBleedingEdge/etc'
Using monoOptions --debugger-agent=transport=dt_socket,embedding=1,server=y,suspend=n,address=127.0.0.1:56952
Begin MonoManager ReloadAssembly
Registering precompiled unity dll's ...
Register platform support module: C:/Program Files/Unity/Hub/Editor/2020.3.24f1/Editor/Data/PlaybackEngines/WebGLSupport/UnityEditor.WebGL.Extensions.dll
Register platform support module: C:/Program Files/Unity/Hub/Editor/2020.3.24f1/Editor/Data/PlaybackEngines/WindowsStandaloneSupport/UnityEditor.WindowsStandalone.Extensions.dll
Registered in 0.002702 seconds.
Native extension for WindowsStandalone target not found
Native extension for WebGL target not found
Refreshing native plugins compatible for Editor in 65.42 ms, found 2 plugins.
Preloading 0 native plugins for Editor in 0.00 ms.
Mono: successfully reloaded assembly
- Completed reload, in  0.615 seconds
Domain Reload Profiling:
	ReloadAssembly (615ms)
		BeginReloadAssembly (53ms)
			ExecutionOrderSort (0ms)
			DisableScriptedObjects (0ms)
			BackupInstance (0ms)
			ReleaseScriptingObjects (0ms)
			CreateAndSetChildDomain (1ms)
		EndReloadAssembly (482ms)
			LoadAssemblies (51ms)
			RebuildTransferFunctionScriptingTraits (0ms)
			SetupTypeCache (150ms)
			ReleaseScriptCaches (0ms)
			RebuildScriptCaches (32ms)
			SetupLoadedEditorAssemblies (193ms)
				LogAssemblyErrors (0ms)
				InitializePlatformSupportModulesInManaged (5ms)
				SetLoadedEditorAssemblies (0ms)
				RefreshPlugins (66ms)
				BeforeProcessingInitializeOnLoad (16ms)
				ProcessInitializeOnLoadAttributes (79ms)
				ProcessInitializeOnLoadMethodAttributes (26ms)
				AfterProcessingInitializeOnLoad (0ms)
				EditorAssembliesLoaded (0ms)
			ExecutionOrderSort2 (0ms)
			AwakeInstancesAfterBackupRestoration (0ms)
Platform modules already initialized, skipping
Registering precompiled user dll's ...
Registered in 0.004601 seconds.
Begin MonoManager ReloadAssembly
Native extension for WindowsStandalone target not found
Native extension for WebGL target not found
Refreshing native plugins compatible for Editor in 0.37 ms, found 2 plugins.
Preloading 0 native plugins for Editor in 0.00 ms.
Mono: successfully reloaded assembly
- Completed reload, in  0.958 seconds
Domain Reload Profiling:
	ReloadAssembly (959ms)
		BeginReloadAssembly (135ms)
			ExecutionOrderSort (0ms)
			DisableScriptedObjects (4ms)
			BackupInstance (0ms)
			ReleaseScriptingObjects (0ms)
			CreateAndSetChildDomain (18ms)
		EndReloadAssembly (765ms)
			LoadAssemblies (82ms)
			RebuildTransferFunctionScriptingTraits (0ms)
			SetupTypeCache (266ms)
			ReleaseScriptCaches (0ms)
			RebuildScriptCaches (43ms)
			SetupLoadedEditorAssemblies (285ms)
				LogAssemblyErrors (0ms)
				InitializePlatformSupportModulesInManaged (5ms)
				SetLoadedEditorAssemblies (0ms)
				RefreshPlugins (0ms)
				BeforeProcessingInitializeOnLoad (79ms)
				ProcessInitializeOnLoadAttributes (185ms)
				ProcessInitializeOnLoadMethodAttributes (8ms)
				AfterProcessingInitializeOnLoad (6ms)
				EditorAssembliesLoaded (0ms)
			ExecutionOrderSort2 (0ms)
			AwakeInstancesAfterBackupRestoration (6ms)
Platform modules already initialized, skipping
========================================================================
Worker process is ready to serve import requests
Launched and connected shader compiler UnityShaderCompiler.exe after 0.06 seconds
Refreshing native plugins compatible for Editor in 0.37 ms, found 2 plugins.
Preloading 0 native plugins for Editor in 0.00 ms.
Unloading 1858 Unused Serialized files (Serialized files now loaded: 0)
System memory in use before: 102.6 MB.
System memory in use after: 102.7 MB.

Unloading 19 unused Assets to reduce memory usage. Loaded Objects now: 2312.
Total: 3.084700 ms (FindLiveObjects: 0.249200 ms CreateObjectMapping: 0.053500 ms MarkObjects: 2.676400 ms  DeleteObjects: 0.104500 ms)

AssetImportParameters requested are different than current active one (requested -> active):
  custom:framework-win-MediaFoundation: 216162199b28c13a410421893ffa2e32 -> 
  custom:video-decoder-ogg-theora: a1e56fd34408186e4bbccfd4996cb3dc -> 
  custom:container-muxer-webm: aa71ff27fc2769a1b78a27578f13a17b -> 
  custom:container-demuxer-webm: 4f35f7cbe854078d1ac9338744f61a02 -> 
  custom:container-demuxer-ogg: 62fdf1f143b41e24485cea50d1cbac27 -> 
  custom:video-encoder-webm-vp8: eb34c28f22e8b96e1ab97ce403110664 -> 
  custom:video-codec-MediaFoundation-h265: 746d11721c4dcdbdad8f713fa42b33f4 -> 
  custom:video-decoder-webm-vp8: 9c59270c3fd7afecdb556c50c9e8de78 -> 
  custom:audio-decoder-ogg-vorbis: bf7c407c2cedff20999df2af8eb42d56 -> 
  custom:audio-encoder-webm-vorbis: bf7c407c2cedff20999df2af8eb42d56 -> 
========================================================================
Received Import Request.
  path: Assets/Items/Crafting/Swords/Stone Sword.asset
  artifactKey: Guid(aba4cd2469fffe942a8517b889c71e2f) Importer(815301076,1909f56bfc062723c751e8b465ee728b)
Start importing Assets/Items/Crafting/Swords/Stone Sword.asset using Guid(aba4cd2469fffe942a8517b889c71e2f) Importer(815301076,1909f56bfc062723c751e8b465ee728b)  -> (artifact id: '19d8198a42fac0eaa8b04cfcdbb30e4f') in 0.049260 seconds 
  Import took 0.052685 seconds .

========================================================================
Received Import Request.
  Time since last request: 9.209073 seconds.
  path: Assets/Items/Stone Sword.asset
  artifactKey: Guid(2fc84d57597ea6e43a2660c189b1f391) Importer(815301076,1909f56bfc062723c751e8b465ee728b)
Start importing Assets/Items/Stone Sword.asset using Guid(2fc84d57597ea6e43a2660c189b1f391) Importer(815301076,1909f56bfc062723c751e8b465ee728b)  -> (artifact id: '817c09094478ddf7f2c29329cbd6bb55') in 0.004993 seconds 
  Import took 0.008874 seconds .

========================================================================
Received Prepare
Registering precompiled user dll's ...
Registered in 0.004230 seconds.
Begin MonoManager ReloadAssembly
Native extension for WindowsStandalone target not found
Native extension for WebGL target not found
Refreshing native plugins compatible for Editor in 0.47 ms, found 2 plugins.
Preloading 0 native plugins for Editor in 0.00 ms.
Mono: successfully reloaded assembly
- Completed reload, in  0.962 seconds
Domain Reload Profiling:
	ReloadAssembly (963ms)
		BeginReloadAssembly (105ms)
			ExecutionOrderSort (0ms)
			DisableScriptedObjects (4ms)
			BackupInstance (0ms)
			ReleaseScriptingObjects (0ms)
			CreateAndSetChildDomain (29ms)
		EndReloadAssembly (800ms)
			LoadAssemblies (82ms)
			RebuildTransferFunctionScriptingTraits (0ms)
			SetupTypeCache (278ms)
			ReleaseScriptCaches (1ms)
			RebuildScriptCaches (46ms)
			SetupLoadedEditorAssemblies (288ms)
				LogAssemblyErrors (0ms)
				InitializePlatformSupportModulesInManaged (5ms)
				SetLoadedEditorAssemblies (0ms)
				RefreshPlugins (1ms)
				BeforeProcessingInitializeOnLoad (78ms)
				ProcessInitializeOnLoadAttributes (190ms)
				ProcessInitializeOnLoadMethodAttributes (7ms)
				AfterProcessingInitializeOnLoad (6ms)
				EditorAssembliesLoaded (0ms)
			ExecutionOrderSort2 (0ms)
			AwakeInstancesAfterBackupRestoration (6ms)
Platform modules already initialized, skipping
Refreshing native plugins compatible for Editor in 0.40 ms, found 2 plugins.
Preloading 0 native plugins for Editor in 0.00 ms.
Unloading 1796 Unused Serialized files (Serialized files now loaded: 0)
System memory in use before: 96.9 MB.
System memory in use after: 97.0 MB.

Unloading 14 unused Assets to reduce memory usage. Loaded Objects now: 2314.
Total: 2.695000 ms (FindLiveObjects: 0.160200 ms CreateObjectMapping: 0.054100 ms MarkObjects: 2.465800 ms  DeleteObjects: 0.014100 ms)

AssetImportParameters requested are different than current active one (requested -> active):
  custom:framework-win-MediaFoundation: 216162199b28c13a410421893ffa2e32 -> 
  custom:video-decoder-ogg-theora: a1e56fd34408186e4bbccfd4996cb3dc -> 
  custom:container-muxer-webm: aa71ff27fc2769a1b78a27578f13a17b -> 
  custom:container-demuxer-webm: 4f35f7cbe854078d1ac9338744f61a02 -> 
  custom:container-demuxer-ogg: 62fdf1f143b41e24485cea50d1cbac27 -> 
  custom:video-encoder-webm-vp8: eb34c28f22e8b96e1ab97ce403110664 -> 
  custom:video-codec-MediaFoundation-h265: 746d11721c4dcdbdad8f713fa42b33f4 -> 
  custom:video-decoder-webm-vp8: 9c59270c3fd7afecdb556c50c9e8de78 -> 
  custom:audio-decoder-ogg-vorbis: bf7c407c2cedff20999df2af8eb42d56 -> 
  custom:audio-encoder-webm-vorbis: bf7c407c2cedff20999df2af8eb42d56 -> 
========================================================================
Received Import Request.
  Time since last request: 47.309238 seconds.
  path: Assets/Items/Crafting/Swords/Images
  artifactKey: Guid(36eb4e985bcbf8747be90ebfe49abd09) Importer(815301076,1909f56bfc062723c751e8b465ee728b)
Start importing Assets/Items/Crafting/Swords/Images using Guid(36eb4e985bcbf8747be90ebfe49abd09) Importer(815301076,1909f56bfc062723c751e8b465ee728b)  -> (artifact id: '41ba9d998fa36a6d6f205ef7b1f1fb40') in 0.009487 seconds 
  Import took 0.013676 seconds .

========================================================================
Received Import Request.
  Time since last request: 8.677155 seconds.
  path: Assets/Items/Crafting/Swords/ItemObjects
  artifactKey: Guid(33e3bf8da11491840b17f8172662fc65) Importer(815301076,1909f56bfc062723c751e8b465ee728b)
Start importing Assets/Items/Crafting/Swords/ItemObjects using Guid(33e3bf8da11491840b17f8172662fc65) Importer(815301076,1909f56bfc062723c751e8b465ee728b)  -> (artifact id: '8c24b5f4942c09ec814b46f3f390c30b') in 0.008056 seconds 
  Import took 0.010831 seconds .

========================================================================
Received Import Request.
  Time since last request: 52.128111 seconds.
  path: Assets/Items/Crafting/Swords/Prefabs
  artifactKey: Guid(e7a942947c67e9243a77bd4b447bc105) Importer(815301076,1909f56bfc062723c751e8b465ee728b)
Start importing Assets/Items/Crafting/Swords/Prefabs using Guid(e7a942947c67e9243a77bd4b447bc105) Importer(815301076,1909f56bfc062723c751e8b465ee728b)  -> (artifact id: '636cfeb1bfed640dc55529a296411647') in 0.015688 seconds 
  Import took 0.019902 seconds .

========================================================================
Received Import Request.
  Time since last request: 174.640309 seconds.
  path: Assets/Items/Crafting/Swords/Images/CopperSword.png
  artifactKey: Guid(a9b2c084329d7de4b8c4c2e4a2bd8b21) Importer(815301076,1909f56bfc062723c751e8b465ee728b)
Start importing Assets/Items/Crafting/Swords/Images/CopperSword.png using Guid(a9b2c084329d7de4b8c4c2e4a2bd8b21) Importer(815301076,1909f56bfc062723c751e8b465ee728b)  -> (artifact id: '5d0a958058b74e38f1829466636c5282') in 0.051745 seconds 
  Import took 0.054731 seconds .

========================================================================
Received Import Request.
  Time since last request: 0.438428 seconds.
  path: Assets/Items/Crafting/Swords/Images/StoneSword.png
  artifactKey: Guid(9fc4c289b96803941bc7bc70c75bc80f) Importer(815301076,1909f56bfc062723c751e8b465ee728b)
Start importing Assets/Items/Crafting/Swords/Images/StoneSword.png using Guid(9fc4c289b96803941bc7bc70c75bc80f) Importer(815301076,1909f56bfc062723c751e8b465ee728b)  -> (artifact id: '5024da97a19518f687b08b8e5cbab73e') in 0.011552 seconds 
  Import took 0.014672 seconds .

========================================================================
Received Import Request.
  Time since last request: 6.090821 seconds.
  path: Assets/Items/Crafting/Swords/Images/StoneSword.png
  artifactKey: Guid(9fc4c289b96803941bc7bc70c75bc80f) Importer(815301076,1909f56bfc062723c751e8b465ee728b)
Start importing Assets/Items/Crafting/Swords/Images/StoneSword.png using Guid(9fc4c289b96803941bc7bc70c75bc80f) Importer(815301076,1909f56bfc062723c751e8b465ee728b)  -> (artifact id: '57967488c12ca062f0fe00d32de6c461') in 0.049679 seconds 
  Import took 0.052538 seconds .

========================================================================
Received Import Request.
  Time since last request: 24.342069 seconds.
  path: Assets/Items/Crafting/Swords/Prefabs/Sword.prefab
  artifactKey: Guid(066836cd10ab2c24985245242ee7c2a4) Importer(815301076,1909f56bfc062723c751e8b465ee728b)
Start importing Assets/Items/Crafting/Swords/Prefabs/Sword.prefab using Guid(066836cd10ab2c24985245242ee7c2a4) Importer(815301076,1909f56bfc062723c751e8b465ee728b)  -> (artifact id: '3096c7c4315f8d50b4884546c33fc4d8') in 0.052482 seconds 
  Import took 0.056049 seconds .

========================================================================
Received Import Request.
  Time since last request: 2.937835 seconds.
  path: Assets/Items/Crafting/Swords/Prefabs/StoneSword.prefab
  artifactKey: Guid(066836cd10ab2c24985245242ee7c2a4) Importer(815301076,1909f56bfc062723c751e8b465ee728b)
Start importing Assets/Items/Crafting/Swords/Prefabs/StoneSword.prefab using Guid(066836cd10ab2c24985245242ee7c2a4) Importer(815301076,1909f56bfc062723c751e8b465ee728b)  -> (artifact id: '0e76d3769baa578fd87e812a1d1ccd00') in 0.013055 seconds 
  Import took 0.016842 seconds .

========================================================================
Received Import Request.
  Time since last request: 20.279691 seconds.
  path: Assets/Items/Crafting/Swords/ItemObjects/Stone Sword.asset
  artifactKey: Guid(2fc84d57597ea6e43a2660c189b1f391) Importer(815301076,1909f56bfc062723c751e8b465ee728b)
Start importing Assets/Items/Crafting/Swords/ItemObjects/Stone Sword.asset using Guid(2fc84d57597ea6e43a2660c189b1f391) Importer(815301076,1909f56bfc062723c751e8b465ee728b)  -> (artifact id: '656b1f37fca18822b48b9af51b135793') in 0.007716 seconds 
  Import took 0.011605 seconds .

========================================================================
Received Prepare
Registering precompiled user dll's ...
Registered in 0.120043 seconds.
Begin MonoManager ReloadAssembly
Native extension for WindowsStandalone target not found
Native extension for WebGL target not found
Refreshing native plugins compatible for Editor in 0.37 ms, found 2 plugins.
Preloading 0 native plugins for Editor in 0.00 ms.
Mono: successfully reloaded assembly
- Completed reload, in  0.914 seconds
Domain Reload Profiling:
	ReloadAssembly (915ms)
		BeginReloadAssembly (110ms)
			ExecutionOrderSort (0ms)
			DisableScriptedObjects (4ms)
			BackupInstance (0ms)
			ReleaseScriptingObjects (0ms)
			CreateAndSetChildDomain (30ms)
		EndReloadAssembly (746ms)
			LoadAssemblies (84ms)
			RebuildTransferFunctionScriptingTraits (0ms)
			SetupTypeCache (263ms)
			ReleaseScriptCaches (1ms)
			RebuildScriptCaches (37ms)
			SetupLoadedEditorAssemblies (270ms)
				LogAssemblyErrors (0ms)
				InitializePlatformSupportModulesInManaged (5ms)
				SetLoadedEditorAssemblies (0ms)
				RefreshPlugins (0ms)
				BeforeProcessingInitializeOnLoad (73ms)
				ProcessInitializeOnLoadAttributes (177ms)
				ProcessInitializeOnLoadMethodAttributes (7ms)
				AfterProcessingInitializeOnLoad (6ms)
				EditorAssembliesLoaded (0ms)
			ExecutionOrderSort2 (0ms)
			AwakeInstancesAfterBackupRestoration (6ms)
Platform modules already initialized, skipping
Refreshing native plugins compatible for Editor in 0.36 ms, found 2 plugins.
Preloading 0 native plugins for Editor in 0.00 ms.
Unloading 1796 Unused Serialized files (Serialized files now loaded: 0)
System memory in use before: 100.0 MB.
System memory in use after: 100.1 MB.

Unloading 14 unused Assets to reduce memory usage. Loaded Objects now: 2327.
Total: 2.586600 ms (FindLiveObjects: 0.147400 ms CreateObjectMapping: 0.057100 ms MarkObjects: 2.364300 ms  DeleteObjects: 0.017000 ms)

AssetImportParameters requested are different than current active one (requested -> active):
  custom:framework-win-MediaFoundation: 216162199b28c13a410421893ffa2e32 -> 
  custom:video-decoder-ogg-theora: a1e56fd34408186e4bbccfd4996cb3dc -> 
  custom:container-muxer-webm: aa71ff27fc2769a1b78a27578f13a17b -> 
  custom:container-demuxer-webm: 4f35f7cbe854078d1ac9338744f61a02 -> 
  custom:container-demuxer-ogg: 62fdf1f143b41e24485cea50d1cbac27 -> 
  custom:video-encoder-webm-vp8: eb34c28f22e8b96e1ab97ce403110664 -> 
  custom:video-codec-MediaFoundation-h265: 746d11721c4dcdbdad8f713fa42b33f4 -> 
  custom:video-decoder-webm-vp8: 9c59270c3fd7afecdb556c50c9e8de78 -> 
  custom:audio-decoder-ogg-vorbis: bf7c407c2cedff20999df2af8eb42d56 -> 
  custom:audio-encoder-webm-vorbis: bf7c407c2cedff20999df2af8eb42d56 -> 
========================================================================
Received Import Request.
  Time since last request: 25.846556 seconds.
  path: Assets/Items/Inventory/Images/Materials/Pickaxe.mat
  artifactKey: Guid(515b832e1dfdfb14187942b4c48edc5b) Importer(815301076,1909f56bfc062723c751e8b465ee728b)
Start importing Assets/Items/Inventory/Images/Materials/Pickaxe.mat using Guid(515b832e1dfdfb14187942b4c48edc5b) Importer(815301076,1909f56bfc062723c751e8b465ee728b)  -> (artifact id: 'bc2217ebc310349edefa5e0d66c22060') in 0.090212 seconds 
  Import took 0.093394 seconds .

========================================================================
Received Import Request.
  Time since last request: 0.000250 seconds.
  path: Assets/Items/Inventory/Images/Materials/Planks.mat
  artifactKey: Guid(8d0f94a97a21ab84a95aed28fdd1de3b) Importer(815301076,1909f56bfc062723c751e8b465ee728b)
Start importing Assets/Items/Inventory/Images/Materials/Planks.mat using Guid(8d0f94a97a21ab84a95aed28fdd1de3b) Importer(815301076,1909f56bfc062723c751e8b465ee728b)  -> (artifact id: 'c7c16938f32166bacccd945eceab6b21') in 0.024451 seconds 
  Import took 0.027325 seconds .

========================================================================
Received Import Request.
  Time since last request: 0.000202 seconds.
  path: Assets/ProceduralToolkit/Samples/Primitives/Primitives.mat
  artifactKey: Guid(5526f677179d4ec41a9d8c15775b3ae3) Importer(815301076,1909f56bfc062723c751e8b465ee728b)
Start importing Assets/ProceduralToolkit/Samples/Primitives/Primitives.mat using Guid(5526f677179d4ec41a9d8c15775b3ae3) Importer(815301076,1909f56bfc062723c751e8b465ee728b)  -> (artifact id: '15ac15d031fcb9ca25742d00c570e74c') in 0.027161 seconds 
  Import took 0.031141 seconds .

========================================================================
Received Import Request.
  Time since last request: 10.881652 seconds.
  path: Assets/Items/Crafting/Swords/Prefabs/StoneSword.prefab
  artifactKey: Guid(066836cd10ab2c24985245242ee7c2a4) Importer(815301076,1909f56bfc062723c751e8b465ee728b)
Start importing Assets/Items/Crafting/Swords/Prefabs/StoneSword.prefab using Guid(066836cd10ab2c24985245242ee7c2a4) Importer(815301076,1909f56bfc062723c751e8b465ee728b)  -> (artifact id: '11ce2acfb7caa83ab323630d91a81509') in 0.036976 seconds 
  Import took 0.040032 seconds .

========================================================================
Received Import Request.
  Time since last request: 1.032550 seconds.
  path: Assets/Items/Crafting/Swords/Prefabs/StoneSword 1.prefab
  artifactKey: Guid(4c55c55ec1114644690648f07176d7e4) Importer(815301076,1909f56bfc062723c751e8b465ee728b)
Start importing Assets/Items/Crafting/Swords/Prefabs/StoneSword 1.prefab using Guid(4c55c55ec1114644690648f07176d7e4) Importer(815301076,1909f56bfc062723c751e8b465ee728b)  -> (artifact id: '440a213f5379d9586f94d732ac1aee69') in 0.013677 seconds 
  Import took 0.016692 seconds .

========================================================================
Received Import Request.
  Time since last request: 7.352163 seconds.
  path: Assets/Items/Crafting/Swords/Prefabs/IronSword.prefab
  artifactKey: Guid(4c55c55ec1114644690648f07176d7e4) Importer(815301076,1909f56bfc062723c751e8b465ee728b)
Start importing Assets/Items/Crafting/Swords/Prefabs/IronSword.prefab using Guid(4c55c55ec1114644690648f07176d7e4) Importer(815301076,1909f56bfc062723c751e8b465ee728b)  -> (artifact id: 'bfe72a63b38bb87911b8f09bd6b110d6') in 0.017354 seconds 
  Import took 0.021409 seconds .

========================================================================
Received Import Request.
  Time since last request: 9.224636 seconds.
  path: Assets/Items/Crafting/Swords/Prefabs/IronSword.prefab
  artifactKey: Guid(4c55c55ec1114644690648f07176d7e4) Importer(815301076,1909f56bfc062723c751e8b465ee728b)
Start importing Assets/Items/Crafting/Swords/Prefabs/IronSword.prefab using Guid(4c55c55ec1114644690648f07176d7e4) Importer(815301076,1909f56bfc062723c751e8b465ee728b)  -> (artifact id: '2d8c6c369c4d32840a8f96e9590820f9') in 0.022566 seconds 
  Import took 0.025604 seconds .

========================================================================
Received Import Request.
  Time since last request: 7.172737 seconds.
  path: Assets/Items/Crafting/Swords/Prefabs/IronSword 1.prefab
  artifactKey: Guid(8c79226dc4220454b92aafb9c2379a6c) Importer(815301076,1909f56bfc062723c751e8b465ee728b)
Start importing Assets/Items/Crafting/Swords/Prefabs/IronSword 1.prefab using Guid(8c79226dc4220454b92aafb9c2379a6c) Importer(815301076,1909f56bfc062723c751e8b465ee728b)  -> (artifact id: '5c14259feae8aa043bf85fcf33cf9935') in 0.021451 seconds 
  Import took 0.024435 seconds .

========================================================================
Received Import Request.
  Time since last request: 4.921825 seconds.
  path: Assets/Items/Crafting/Swords/Prefabs/GoldSword.prefab
  artifactKey: Guid(8c79226dc4220454b92aafb9c2379a6c) Importer(815301076,1909f56bfc062723c751e8b465ee728b)
Start importing Assets/Items/Crafting/Swords/Prefabs/GoldSword.prefab using Guid(8c79226dc4220454b92aafb9c2379a6c) Importer(815301076,1909f56bfc062723c751e8b465ee728b)  -> (artifact id: '26b7d2bd3dcce283116e3fe427eda585') in 0.018983 seconds 
  Import took 0.022099 seconds .

========================================================================
Received Import Request.
  Time since last request: 7.349349 seconds.
  path: Assets/Items/Crafting/Swords/Prefabs/GoldSword.prefab
  artifactKey: Guid(8c79226dc4220454b92aafb9c2379a6c) Importer(815301076,1909f56bfc062723c751e8b465ee728b)
Start importing Assets/Items/Crafting/Swords/Prefabs/GoldSword.prefab using Guid(8c79226dc4220454b92aafb9c2379a6c) Importer(815301076,1909f56bfc062723c751e8b465ee728b)  -> (artifact id: '9701f59fffe6dcb512616a9e09387c23') in 0.013322 seconds 
  Import took 0.016440 seconds .

========================================================================
Received Import Request.
  Time since last request: 1.034119 seconds.
  path: Assets/Items/Crafting/Swords/Prefabs/GoldSword 1.prefab
  artifactKey: Guid(da090587d9fcbd44780e155ae906966c) Importer(815301076,1909f56bfc062723c751e8b465ee728b)
Start importing Assets/Items/Crafting/Swords/Prefabs/GoldSword 1.prefab using Guid(da090587d9fcbd44780e155ae906966c) Importer(815301076,1909f56bfc062723c751e8b465ee728b)  -> (artifact id: '03155049c683c6bc42e022b253b7f4a7') in 0.015837 seconds 
  Import took 0.018889 seconds .

========================================================================
Received Import Request.
  Time since last request: 3.371360 seconds.
  path: Assets/Items/Crafting/Swords/Prefabs/DiamondSword.prefab
  artifactKey: Guid(da090587d9fcbd44780e155ae906966c) Importer(815301076,1909f56bfc062723c751e8b465ee728b)
Start importing Assets/Items/Crafting/Swords/Prefabs/DiamondSword.prefab using Guid(da090587d9fcbd44780e155ae906966c) Importer(815301076,1909f56bfc062723c751e8b465ee728b)  -> (artifact id: 'ae2559e71313897c1554b6cc6be74dc2') in 0.018643 seconds 
  Import took 0.021933 seconds .

========================================================================
Received Import Request.
  Time since last request: 9.547758 seconds.
  path: Assets/Items/Crafting/Swords/Prefabs/DiamondSword.prefab
  artifactKey: Guid(da090587d9fcbd44780e155ae906966c) Importer(815301076,1909f56bfc062723c751e8b465ee728b)
Start importing Assets/Items/Crafting/Swords/Prefabs/DiamondSword.prefab using Guid(da090587d9fcbd44780e155ae906966c) Importer(815301076,1909f56bfc062723c751e8b465ee728b)  -> (artifact id: '2cf2307786d89d232dc66a5b11224d10') in 0.019784 seconds 
  Import took 0.022603 seconds .

========================================================================
Received Import Request.
  Time since last request: 0.948120 seconds.
  path: Assets/Items/Crafting/Swords/Prefabs/DiamondSword 1.prefab
  artifactKey: Guid(154ba3aae663e6044834d6ef430b2544) Importer(815301076,1909f56bfc062723c751e8b465ee728b)
Start importing Assets/Items/Crafting/Swords/Prefabs/DiamondSword 1.prefab using Guid(154ba3aae663e6044834d6ef430b2544) Importer(815301076,1909f56bfc062723c751e8b465ee728b)  -> (artifact id: '1cd56bd428d19b3be8b9acc638837e0c') in 0.018711 seconds 
  Import took 0.022029 seconds .

========================================================================
Received Import Request.
  Time since last request: 3.959675 seconds.
  path: Assets/Items/Crafting/Swords/Prefabs/CopperSword.prefab
  artifactKey: Guid(154ba3aae663e6044834d6ef430b2544) Importer(815301076,1909f56bfc062723c751e8b465ee728b)
Start importing Assets/Items/Crafting/Swords/Prefabs/CopperSword.prefab using Guid(154ba3aae663e6044834d6ef430b2544) Importer(815301076,1909f56bfc062723c751e8b465ee728b)  -> (artifact id: '0c05cd986777753d1a6a9a5857a21e05') in 0.017787 seconds 
  Import took 0.022307 seconds .

========================================================================
Received Import Request.
  Time since last request: 3.912412 seconds.
  path: Assets/3DModels/Rock.blend
  artifactKey: Guid(8178a8309dcbd0245bf88fa3147c5c06) Importer(815301076,1909f56bfc062723c751e8b465ee728b)
Start importing Assets/3DModels/Rock.blend using Guid(8178a8309dcbd0245bf88fa3147c5c06) Importer(815301076,1909f56bfc062723c751e8b465ee728b)  -> (artifact id: '27ee01f520d19ae66c244390116878b8') in 0.041669 seconds 
  Import took 0.044495 seconds .

========================================================================
Received Import Request.
  Time since last request: 0.000309 seconds.
  path: Assets/3DModels/RockCopper.blend
  artifactKey: Guid(431593cddc4f2a94e9c9470fed5bae6d) Importer(815301076,1909f56bfc062723c751e8b465ee728b)
Start importing Assets/3DModels/RockCopper.blend using Guid(431593cddc4f2a94e9c9470fed5bae6d) Importer(815301076,1909f56bfc062723c751e8b465ee728b)  -> (artifact id: '80691309276dcebf1be7bba4e3c34990') in 0.025368 seconds 
  Import took 0.027989 seconds .

========================================================================
Received Import Request.
  Time since last request: 0.000302 seconds.
  path: Assets/3DModels/RockGold.blend
  artifactKey: Guid(36a172789b48c9847bddd96c8dc6b426) Importer(815301076,1909f56bfc062723c751e8b465ee728b)
Start importing Assets/3DModels/RockGold.blend using Guid(36a172789b48c9847bddd96c8dc6b426) Importer(815301076,1909f56bfc062723c751e8b465ee728b)  -> (artifact id: 'dd3f5bc9491326c9ee706fa234bd3790') in 0.026631 seconds 
  Import took 0.030414 seconds .

========================================================================
Received Import Request.
  Time since last request: 0.000264 seconds.
  path: Assets/3DModels/RockDiamond.blend
  artifactKey: Guid(33c91f0a14200b142a45446038059515) Importer(815301076,1909f56bfc062723c751e8b465ee728b)
Start importing Assets/3DModels/RockDiamond.blend using Guid(33c91f0a14200b142a45446038059515) Importer(815301076,1909f56bfc062723c751e8b465ee728b)  -> (artifact id: '1dbd7527a057ce5903a206c386906eb2') in 0.024984 seconds 
  Import took 0.028280 seconds .

========================================================================
Received Import Request.
  Time since last request: 52.722104 seconds.
  path: Assets/Resources/Database.asset
  artifactKey: Guid(140890614bbefa7448e005fa28b5f8f3) Importer(815301076,1909f56bfc062723c751e8b465ee728b)
Start importing Assets/Resources/Database.asset using Guid(140890614bbefa7448e005fa28b5f8f3) Importer(815301076,1909f56bfc062723c751e8b465ee728b)  -> (artifact id: '4b2b2cb7fa49a9c348f152b1f581d857') in 0.196013 seconds 
  Import took 0.200536 seconds .

========================================================================
Received Import Request.
  Time since last request: 0.000352 seconds.
  path: Assets/Items/Crafting/Swords/ItemObjects/Stone Sword 1.asset
  artifactKey: Guid(dc6d6a85843670a4e8aeb595b35fbb5c) Importer(815301076,1909f56bfc062723c751e8b465ee728b)
Start importing Assets/Items/Crafting/Swords/ItemObjects/Stone Sword 1.asset using Guid(dc6d6a85843670a4e8aeb595b35fbb5c) Importer(815301076,1909f56bfc062723c751e8b465ee728b)  -> (artifact id: '2b5924ae97cbaca5cd77de8780d5f662') in 0.007391 seconds 
  Import took 0.010437 seconds .

========================================================================
Received Import Request.
  Time since last request: 4.719468 seconds.
  path: Assets/Items/Crafting/Swords/ItemObjects/Iron Sword.asset
  artifactKey: Guid(dc6d6a85843670a4e8aeb595b35fbb5c) Importer(815301076,1909f56bfc062723c751e8b465ee728b)
Start importing Assets/Items/Crafting/Swords/ItemObjects/Iron Sword.asset using Guid(dc6d6a85843670a4e8aeb595b35fbb5c) Importer(815301076,1909f56bfc062723c751e8b465ee728b)  -> (artifact id: 'a4eeb258c536ffd5aa30eb8e0090493f') in 0.007862 seconds 
  Import took 0.010877 seconds .

========================================================================
Received Import Request.
  Time since last request: 0.814735 seconds.
  path: Assets/Items/Crafting/Swords/ItemObjects/Iron Sword 1.asset
  artifactKey: Guid(5f41fba192cc53d49961a30a5e0ea3c2) Importer(815301076,1909f56bfc062723c751e8b465ee728b)
Start importing Assets/Items/Crafting/Swords/ItemObjects/Iron Sword 1.asset using Guid(5f41fba192cc53d49961a30a5e0ea3c2) Importer(815301076,1909f56bfc062723c751e8b465ee728b)  -> (artifact id: '9ad6a4caa9e2252d7753fbfc84a9883a') in 0.008810 seconds 
  Import took 0.011794 seconds .

========================================================================
Received Import Request.
  Time since last request: 3.347867 seconds.
  path: Assets/Items/Crafting/Swords/ItemObjects/Gold Sword.asset
  artifactKey: Guid(5f41fba192cc53d49961a30a5e0ea3c2) Importer(815301076,1909f56bfc062723c751e8b465ee728b)
Start importing Assets/Items/Crafting/Swords/ItemObjects/Gold Sword.asset using Guid(5f41fba192cc53d49961a30a5e0ea3c2) Importer(815301076,1909f56bfc062723c751e8b465ee728b)  -> (artifact id: '40ed0278a20a7850326e62144ade1b35') in 0.007512 seconds 
  Import took 0.010628 seconds .

========================================================================
Received Import Request.
  Time since last request: 0.724774 seconds.
  path: Assets/Items/Crafting/Swords/ItemObjects/Gold Sword 1.asset
  artifactKey: Guid(20993d27b3af6914bb37d7d81dcdc7f6) Importer(815301076,1909f56bfc062723c751e8b465ee728b)
Start importing Assets/Items/Crafting/Swords/ItemObjects/Gold Sword 1.asset using Guid(20993d27b3af6914bb37d7d81dcdc7f6) Importer(815301076,1909f56bfc062723c751e8b465ee728b)  -> (artifact id: 'f3ab3f9bc7bf160106c61ca7dce3edf1') in 0.008808 seconds 
  Import took 0.012167 seconds .

========================================================================
Received Import Request.
  Time since last request: 4.137466 seconds.
  path: Assets/Items/Crafting/Swords/ItemObjects/Diamond Sword.asset
  artifactKey: Guid(20993d27b3af6914bb37d7d81dcdc7f6) Importer(815301076,1909f56bfc062723c751e8b465ee728b)
Start importing Assets/Items/Crafting/Swords/ItemObjects/Diamond Sword.asset using Guid(20993d27b3af6914bb37d7d81dcdc7f6) Importer(815301076,1909f56bfc062723c751e8b465ee728b)  -> (artifact id: '0cc9d862fc62a58571edabc1bdfa5ea2') in 0.007780 seconds 
  Import took 0.010644 seconds .

========================================================================
Received Import Request.
  Time since last request: 0.707456 seconds.
  path: Assets/Items/Crafting/Swords/ItemObjects/Diamond Sword 1.asset
  artifactKey: Guid(ed43075d6a8f924419cde9db9b66f92d) Importer(815301076,1909f56bfc062723c751e8b465ee728b)
Start importing Assets/Items/Crafting/Swords/ItemObjects/Diamond Sword 1.asset using Guid(ed43075d6a8f924419cde9db9b66f92d) Importer(815301076,1909f56bfc062723c751e8b465ee728b)  -> (artifact id: 'fad650133a4ad9132727d2f7a93932c2') in 0.007853 seconds 
  Import took 0.010892 seconds .

========================================================================
Received Import Request.
  Time since last request: 3.122286 seconds.
  path: Assets/Items/Crafting/Swords/ItemObjects/Copper Sword.asset
  artifactKey: Guid(ed43075d6a8f924419cde9db9b66f92d) Importer(815301076,1909f56bfc062723c751e8b465ee728b)
Start importing Assets/Items/Crafting/Swords/ItemObjects/Copper Sword.asset using Guid(ed43075d6a8f924419cde9db9b66f92d) Importer(815301076,1909f56bfc062723c751e8b465ee728b)  -> (artifact id: 'b91c192e3cc74e9cdb3ffd3480eb2fd8') in 0.006661 seconds 
  Import took 0.009562 seconds .

========================================================================
Received Import Request.
  Time since last request: 35.748404 seconds.
  path: Assets/Items/Crafting/Swords/ItemObjects/Copper Sword.asset
  artifactKey: Guid(ed43075d6a8f924419cde9db9b66f92d) Importer(815301076,1909f56bfc062723c751e8b465ee728b)
Start importing Assets/Items/Crafting/Swords/ItemObjects/Copper Sword.asset using Guid(ed43075d6a8f924419cde9db9b66f92d) Importer(815301076,1909f56bfc062723c751e8b465ee728b)  -> (artifact id: 'e0f02c9a142f7aaa33ac446cb2fe1455') in 0.003748 seconds 
  Import took 0.006841 seconds .

========================================================================
Received Import Request.
  Time since last request: 34.144409 seconds.
  path: Assets/Items/Crafting/Swords/Prefabs/CopperSword.prefab
  artifactKey: Guid(154ba3aae663e6044834d6ef430b2544) Importer(815301076,1909f56bfc062723c751e8b465ee728b)
Start importing Assets/Items/Crafting/Swords/Prefabs/CopperSword.prefab using Guid(154ba3aae663e6044834d6ef430b2544) Importer(815301076,1909f56bfc062723c751e8b465ee728b)  -> (artifact id: 'd747ff2a63aa11b3346c16932c7d9d19') in 0.014674 seconds 
  Import took 0.027124 seconds .

========================================================================
Received Import Request.
  Time since last request: 2.472665 seconds.
  path: Assets/Items/Crafting/Swords/Prefabs/CopperSword.prefab
  artifactKey: Guid(154ba3aae663e6044834d6ef430b2544) Importer(815301076,1909f56bfc062723c751e8b465ee728b)
Start importing Assets/Items/Crafting/Swords/Prefabs/CopperSword.prefab using Guid(154ba3aae663e6044834d6ef430b2544) Importer(815301076,1909f56bfc062723c751e8b465ee728b)  -> (artifact id: '17182af9047a8b6cf57cfacf14665b91') in 0.009052 seconds 
  Import took 0.012691 seconds .

========================================================================
Received Import Request.
  Time since last request: 7.914129 seconds.
  path: Assets/Items/Crafting/Swords/Prefabs/StoneSword.prefab
  artifactKey: Guid(066836cd10ab2c24985245242ee7c2a4) Importer(815301076,1909f56bfc062723c751e8b465ee728b)
Start importing Assets/Items/Crafting/Swords/Prefabs/StoneSword.prefab using Guid(066836cd10ab2c24985245242ee7c2a4) Importer(815301076,1909f56bfc062723c751e8b465ee728b)  -> (artifact id: '6c3d39ec831843a1ba807900f372d082') in 0.013709 seconds 
  Import took 0.016544 seconds .

========================================================================
Received Import Request.
  Time since last request: 4.272922 seconds.
  path: Assets/Items/Crafting/Swords/Prefabs/IronSword.prefab
  artifactKey: Guid(4c55c55ec1114644690648f07176d7e4) Importer(815301076,1909f56bfc062723c751e8b465ee728b)
Start importing Assets/Items/Crafting/Swords/Prefabs/IronSword.prefab using Guid(4c55c55ec1114644690648f07176d7e4) Importer(815301076,1909f56bfc062723c751e8b465ee728b)  -> (artifact id: '88a267fb995410a926a9459fafcedd42') in 0.018264 seconds 
  Import took 0.022870 seconds .

========================================================================
Received Import Request.
  Time since last request: 5.440383 seconds.
  path: Assets/Items/Crafting/Swords/Prefabs/CopperSword.prefab
  artifactKey: Guid(154ba3aae663e6044834d6ef430b2544) Importer(815301076,1909f56bfc062723c751e8b465ee728b)
Start importing Assets/Items/Crafting/Swords/Prefabs/CopperSword.prefab using Guid(154ba3aae663e6044834d6ef430b2544) Importer(815301076,1909f56bfc062723c751e8b465ee728b)  -> (artifact id: '379f18a03a10679208329e9ed6e3c97b') in 0.013541 seconds 
  Import took 0.016667 seconds .

========================================================================
Received Import Request.
  Time since last request: 5.640448 seconds.
  path: Assets/Items/Crafting/Swords/Prefabs/CopperSword.prefab
  artifactKey: Guid(154ba3aae663e6044834d6ef430b2544) Importer(815301076,1909f56bfc062723c751e8b465ee728b)
Start importing Assets/Items/Crafting/Swords/Prefabs/CopperSword.prefab using Guid(154ba3aae663e6044834d6ef430b2544) Importer(815301076,1909f56bfc062723c751e8b465ee728b)  -> (artifact id: 'b1b0d6368d40291c8d161d8df1941c14') in 0.013821 seconds 
  Import took 0.016909 seconds .

========================================================================
Received Import Request.
  Time since last request: 5.521370 seconds.
  path: Assets/Items/Crafting/Swords/Prefabs/GoldSword.prefab
  artifactKey: Guid(8c79226dc4220454b92aafb9c2379a6c) Importer(815301076,1909f56bfc062723c751e8b465ee728b)
Start importing Assets/Items/Crafting/Swords/Prefabs/GoldSword.prefab using Guid(8c79226dc4220454b92aafb9c2379a6c) Importer(815301076,1909f56bfc062723c751e8b465ee728b)  -> (artifact id: 'f6c42e77d4ce343c67d1c9010a2a67c8') in 0.012450 seconds 
  Import took 0.015984 seconds .

========================================================================
Received Import Request.
  Time since last request: 4.135722 seconds.
  path: Assets/Items/Crafting/Swords/Prefabs/DiamondSword.prefab
  artifactKey: Guid(da090587d9fcbd44780e155ae906966c) Importer(815301076,1909f56bfc062723c751e8b465ee728b)
Start importing Assets/Items/Crafting/Swords/Prefabs/DiamondSword.prefab using Guid(da090587d9fcbd44780e155ae906966c) Importer(815301076,1909f56bfc062723c751e8b465ee728b)  -> (artifact id: 'd4959a39b18f3bb43d8fabcc19fcb2ab') in 0.015391 seconds 
  Import took 0.018278 seconds .

========================================================================
Received Import Request.
  Time since last request: 3.940738 seconds.
  path: Assets/Items/Crafting/Swords/ItemObjects/Iron Sword.asset
  artifactKey: Guid(dc6d6a85843670a4e8aeb595b35fbb5c) Importer(815301076,1909f56bfc062723c751e8b465ee728b)
Start importing Assets/Items/Crafting/Swords/ItemObjects/Iron Sword.asset using Guid(dc6d6a85843670a4e8aeb595b35fbb5c) Importer(815301076,1909f56bfc062723c751e8b465ee728b)  -> (artifact id: 'd8cec0803386d9d6e236b4a83b468ee8') in 0.006900 seconds 
  Import took 0.018013 seconds .

========================================================================
Received Import Request.
  Time since last request: 0.404993 seconds.
  path: Assets/Items/Crafting/Swords/ItemObjects/Diamond Sword.asset
  artifactKey: Guid(20993d27b3af6914bb37d7d81dcdc7f6) Importer(815301076,1909f56bfc062723c751e8b465ee728b)
Start importing Assets/Items/Crafting/Swords/ItemObjects/Diamond Sword.asset using Guid(20993d27b3af6914bb37d7d81dcdc7f6) Importer(815301076,1909f56bfc062723c751e8b465ee728b)  -> (artifact id: 'fdd6d26ab3d6faf3a2e0335bc940c0ee') in 0.003954 seconds 
  Import took 0.007240 seconds .

========================================================================
Received Import Request.
  Time since last request: 0.363972 seconds.
  path: Assets/Items/Crafting/Swords/ItemObjects/Gold Sword.asset
  artifactKey: Guid(5f41fba192cc53d49961a30a5e0ea3c2) Importer(815301076,1909f56bfc062723c751e8b465ee728b)
Start importing Assets/Items/Crafting/Swords/ItemObjects/Gold Sword.asset using Guid(5f41fba192cc53d49961a30a5e0ea3c2) Importer(815301076,1909f56bfc062723c751e8b465ee728b)  -> (artifact id: 'af5482e884c25cb9cb3ab3953df68772') in 0.003350 seconds 
  Import took 0.015119 seconds .

========================================================================
Received Import Request.
  Time since last request: 33.618865 seconds.
  path: Assets/Resources/Database.asset
  artifactKey: Guid(140890614bbefa7448e005fa28b5f8f3) Importer(815301076,1909f56bfc062723c751e8b465ee728b)
Start importing Assets/Resources/Database.asset using Guid(140890614bbefa7448e005fa28b5f8f3) Importer(815301076,1909f56bfc062723c751e8b465ee728b)  -> (artifact id: '8fde073a9e336499b85d03650022e064') in 0.023529 seconds 
  Import took 0.028557 seconds .

========================================================================
Received Prepare
Registering precompiled user dll's ...
Registered in 0.004647 seconds.
Begin MonoManager ReloadAssembly
Native extension for WindowsStandalone target not found
Native extension for WebGL target not found
Refreshing native plugins compatible for Editor in 0.39 ms, found 2 plugins.
Preloading 0 native plugins for Editor in 0.00 ms.
Mono: successfully reloaded assembly
- Completed reload, in  0.904 seconds
Domain Reload Profiling:
	ReloadAssembly (904ms)
		BeginReloadAssembly (107ms)
			ExecutionOrderSort (0ms)
			DisableScriptedObjects (3ms)
			BackupInstance (0ms)
			ReleaseScriptingObjects (0ms)
			CreateAndSetChildDomain (29ms)
		EndReloadAssembly (740ms)
			LoadAssemblies (82ms)
			RebuildTransferFunctionScriptingTraits (0ms)
			SetupTypeCache (262ms)
			ReleaseScriptCaches (1ms)
			RebuildScriptCaches (35ms)
			SetupLoadedEditorAssemblies (265ms)
				LogAssemblyErrors (0ms)
				InitializePlatformSupportModulesInManaged (5ms)
				SetLoadedEditorAssemblies (0ms)
				RefreshPlugins (0ms)
				BeforeProcessingInitializeOnLoad (72ms)
				ProcessInitializeOnLoadAttributes (174ms)
				ProcessInitializeOnLoadMethodAttributes (7ms)
				AfterProcessingInitializeOnLoad (7ms)
				EditorAssembliesLoaded (0ms)
			ExecutionOrderSort2 (0ms)
			AwakeInstancesAfterBackupRestoration (6ms)
Platform modules already initialized, skipping
Refreshing native plugins compatible for Editor in 0.37 ms, found 2 plugins.
Preloading 0 native plugins for Editor in 0.00 ms.
Unloading 1796 Unused Serialized files (Serialized files now loaded: 0)
System memory in use before: 100.8 MB.
System memory in use after: 100.9 MB.

Unloading 14 unused Assets to reduce memory usage. Loaded Objects now: 2366.
Total: 2.873800 ms (FindLiveObjects: 0.176300 ms CreateObjectMapping: 0.056500 ms MarkObjects: 2.625300 ms  DeleteObjects: 0.014700 ms)

AssetImportParameters requested are different than current active one (requested -> active):
  custom:framework-win-MediaFoundation: 216162199b28c13a410421893ffa2e32 -> 
  custom:video-decoder-ogg-theora: a1e56fd34408186e4bbccfd4996cb3dc -> 
  custom:container-muxer-webm: aa71ff27fc2769a1b78a27578f13a17b -> 
  custom:container-demuxer-webm: 4f35f7cbe854078d1ac9338744f61a02 -> 
  custom:container-demuxer-ogg: 62fdf1f143b41e24485cea50d1cbac27 -> 
  custom:video-encoder-webm-vp8: eb34c28f22e8b96e1ab97ce403110664 -> 
  custom:video-codec-MediaFoundation-h265: 746d11721c4dcdbdad8f713fa42b33f4 -> 
  custom:video-decoder-webm-vp8: 9c59270c3fd7afecdb556c50c9e8de78 -> 
  custom:audio-decoder-ogg-vorbis: bf7c407c2cedff20999df2af8eb42d56 -> 
  custom:audio-encoder-webm-vorbis: bf7c407c2cedff20999df2af8eb42d56 -> 
========================================================================
Received Import Request.
  Time since last request: 37.596664 seconds.
  path: Assets/Items/Crafting/Swords/Stone Sword 1.asset
  artifactKey: Guid(8c46eaaf1b715bb49b10d30878f8009a) Importer(815301076,1909f56bfc062723c751e8b465ee728b)
Start importing Assets/Items/Crafting/Swords/Stone Sword 1.asset using Guid(8c46eaaf1b715bb49b10d30878f8009a) Importer(815301076,1909f56bfc062723c751e8b465ee728b)  -> (artifact id: '824315984a42bdb1ba7d6d12425b10e5') in 0.028970 seconds 
  Import took 0.032505 seconds .

========================================================================
Received Import Request.
  Time since last request: 5.146757 seconds.
  path: Assets/Items/Crafting/Swords/Iron Sword.asset
  artifactKey: Guid(8c46eaaf1b715bb49b10d30878f8009a) Importer(815301076,1909f56bfc062723c751e8b465ee728b)
Start importing Assets/Items/Crafting/Swords/Iron Sword.asset using Guid(8c46eaaf1b715bb49b10d30878f8009a) Importer(815301076,1909f56bfc062723c751e8b465ee728b)  -> (artifact id: '933a8b5eca3b24a4e5413f67426984c3') in 0.005551 seconds 
  Import took 0.062756 seconds .

========================================================================
Received Import Request.
  Time since last request: 1.186133 seconds.
  path: Assets/Items/Crafting/Swords/Iron Sword 1.asset
  artifactKey: Guid(b3d2a6862803ed14cae90af350d0f014) Importer(815301076,1909f56bfc062723c751e8b465ee728b)
Start importing Assets/Items/Crafting/Swords/Iron Sword 1.asset using Guid(b3d2a6862803ed14cae90af350d0f014) Importer(815301076,1909f56bfc062723c751e8b465ee728b)  -> (artifact id: '617549176a0a0067dfaac298bc486e57') in 0.005558 seconds 
  Import took 0.009044 seconds .

========================================================================
Received Import Request.
  Time since last request: 3.203217 seconds.
  path: Assets/Items/Crafting/Swords/Gold Sword.asset
  artifactKey: Guid(b3d2a6862803ed14cae90af350d0f014) Importer(815301076,1909f56bfc062723c751e8b465ee728b)
Start importing Assets/Items/Crafting/Swords/Gold Sword.asset using Guid(b3d2a6862803ed14cae90af350d0f014) Importer(815301076,1909f56bfc062723c751e8b465ee728b)  -> (artifact id: 'aa96ffdbda8375978f41d199867891d5') in 0.005267 seconds 
  Import took 0.008237 seconds .

========================================================================
Received Import Request.
  Time since last request: 0.974069 seconds.
  path: Assets/Items/Crafting/Swords/Gold Sword 1.asset
  artifactKey: Guid(88c0ce5cd12913648b11d2332b7ab21c) Importer(815301076,1909f56bfc062723c751e8b465ee728b)
Start importing Assets/Items/Crafting/Swords/Gold Sword 1.asset using Guid(88c0ce5cd12913648b11d2332b7ab21c) Importer(815301076,1909f56bfc062723c751e8b465ee728b)  -> (artifact id: 'b561a57f59163943499d89968d7ab476') in 0.008813 seconds 
  Import took 0.020635 seconds .

========================================================================
Received Import Request.
  Time since last request: 3.067875 seconds.
  path: Assets/Items/Crafting/Swords/Diamond Sword.asset
  artifactKey: Guid(88c0ce5cd12913648b11d2332b7ab21c) Importer(815301076,1909f56bfc062723c751e8b465ee728b)
Start importing Assets/Items/Crafting/Swords/Diamond Sword.asset using Guid(88c0ce5cd12913648b11d2332b7ab21c) Importer(815301076,1909f56bfc062723c751e8b465ee728b)  -> (artifact id: '68c20107adfe27a9bb9e23dcd7360522') in 0.005415 seconds 
  Import took 0.008419 seconds .

========================================================================
Received Import Request.
  Time since last request: 0.457461 seconds.
  path: Assets/Items/Crafting/Swords/Diamond Sword 1.asset
  artifactKey: Guid(f09b59afe08b4aa4385b6285b9a7aaf2) Importer(815301076,1909f56bfc062723c751e8b465ee728b)
Start importing Assets/Items/Crafting/Swords/Diamond Sword 1.asset using Guid(f09b59afe08b4aa4385b6285b9a7aaf2) Importer(815301076,1909f56bfc062723c751e8b465ee728b)  -> (artifact id: '896333183f8e016fba511c159faeeae6') in 0.005637 seconds 
  Import took 0.008648 seconds .

========================================================================
Received Import Request.
  Time since last request: 3.681032 seconds.
  path: Assets/Items/Crafting/Swords/Copper Sword.asset
  artifactKey: Guid(f09b59afe08b4aa4385b6285b9a7aaf2) Importer(815301076,1909f56bfc062723c751e8b465ee728b)
Start importing Assets/Items/Crafting/Swords/Copper Sword.asset using Guid(f09b59afe08b4aa4385b6285b9a7aaf2) Importer(815301076,1909f56bfc062723c751e8b465ee728b)  -> (artifact id: 'bc0c9dd09cd6f6c865dbdcd823317f04') in 0.005443 seconds 
  Import took 0.009022 seconds .

========================================================================
Received Import Request.
  Time since last request: 38.112669 seconds.
  path: Assets/Items/Crafting/Swords/Diamond Sword.asset
  artifactKey: Guid(88c0ce5cd12913648b11d2332b7ab21c) Importer(815301076,1909f56bfc062723c751e8b465ee728b)
Start importing Assets/Items/Crafting/Swords/Diamond Sword.asset using Guid(88c0ce5cd12913648b11d2332b7ab21c) Importer(815301076,1909f56bfc062723c751e8b465ee728b)  -> (artifact id: 'e45a23f665c3ce8773b91275f080b507') in 0.006111 seconds 
  Import took 0.009250 seconds .

========================================================================
Received Import Request.
  Time since last request: 17.618992 seconds.
  path: Assets/Items/Crafting/Swords/Copper Sword.asset
  artifactKey: Guid(f09b59afe08b4aa4385b6285b9a7aaf2) Importer(815301076,1909f56bfc062723c751e8b465ee728b)
Start importing Assets/Items/Crafting/Swords/Copper Sword.asset using Guid(f09b59afe08b4aa4385b6285b9a7aaf2) Importer(815301076,1909f56bfc062723c751e8b465ee728b)  -> (artifact id: 'a9b457fe8f33978797d486d4c6f6c476') in 0.005798 seconds 
  Import took 0.008966 seconds .

========================================================================
Received Import Request.
  Time since last request: 1.911937 seconds.
  path: Assets/Items/Crafting/Swords/Gold Sword.asset
  artifactKey: Guid(b3d2a6862803ed14cae90af350d0f014) Importer(815301076,1909f56bfc062723c751e8b465ee728b)
Start importing Assets/Items/Crafting/Swords/Gold Sword.asset using Guid(b3d2a6862803ed14cae90af350d0f014) Importer(815301076,1909f56bfc062723c751e8b465ee728b)  -> (artifact id: '0481ba1f0da13257a06d82db5e156406') in 0.005595 seconds 
  Import took 0.018635 seconds .

========================================================================
Received Import Request.
  Time since last request: 1.537861 seconds.
  path: Assets/Items/Crafting/Swords/Iron Sword.asset
  artifactKey: Guid(8c46eaaf1b715bb49b10d30878f8009a) Importer(815301076,1909f56bfc062723c751e8b465ee728b)
Start importing Assets/Items/Crafting/Swords/Iron Sword.asset using Guid(8c46eaaf1b715bb49b10d30878f8009a) Importer(815301076,1909f56bfc062723c751e8b465ee728b)  -> (artifact id: '15c4bc05afe412418c480b2cb5fbe666') in 0.005314 seconds 
  Import took 0.008825 seconds .

========================================================================
Received Import Request.
  Time since last request: 53.422432 seconds.
  path: Assets/Items/Crafting/Scripts/Recipes.asset
  artifactKey: Guid(b975d65cc7014094d9b520c0d82433fb) Importer(815301076,1909f56bfc062723c751e8b465ee728b)
Start importing Assets/Items/Crafting/Scripts/Recipes.asset using Guid(b975d65cc7014094d9b520c0d82433fb) Importer(815301076,1909f56bfc062723c751e8b465ee728b)  -> (artifact id: 'dc6d40f58c038b5b4d590786397f427e') in 0.091250 seconds 
  Import took 0.095379 seconds .

========================================================================
Received Prepare
Registering precompiled user dll's ...
Registered in 0.006032 seconds.
Begin MonoManager ReloadAssembly
Native extension for WindowsStandalone target not found
Native extension for WebGL target not found
Refreshing native plugins compatible for Editor in 0.38 ms, found 2 plugins.
Preloading 0 native plugins for Editor in 0.00 ms.
Mono: successfully reloaded assembly
- Completed reload, in  0.916 seconds
Domain Reload Profiling:
	ReloadAssembly (917ms)
		BeginReloadAssembly (110ms)
			ExecutionOrderSort (0ms)
			DisableScriptedObjects (4ms)
			BackupInstance (0ms)
			ReleaseScriptingObjects (0ms)
			CreateAndSetChildDomain (29ms)
		EndReloadAssembly (748ms)
			LoadAssemblies (83ms)
			RebuildTransferFunctionScriptingTraits (0ms)
			SetupTypeCache (264ms)
			ReleaseScriptCaches (1ms)
			RebuildScriptCaches (38ms)
			SetupLoadedEditorAssemblies (270ms)
				LogAssemblyErrors (0ms)
				InitializePlatformSupportModulesInManaged (5ms)
				SetLoadedEditorAssemblies (0ms)
				RefreshPlugins (0ms)
				BeforeProcessingInitializeOnLoad (77ms)
				ProcessInitializeOnLoadAttributes (174ms)
				ProcessInitializeOnLoadMethodAttributes (7ms)
				AfterProcessingInitializeOnLoad (6ms)
				EditorAssembliesLoaded (0ms)
			ExecutionOrderSort2 (0ms)
			AwakeInstancesAfterBackupRestoration (6ms)
Platform modules already initialized, skipping
Refreshing native plugins compatible for Editor in 0.40 ms, found 2 plugins.
Preloading 0 native plugins for Editor in 0.00 ms.
Unloading 1796 Unused Serialized files (Serialized files now loaded: 0)
System memory in use before: 100.8 MB.
System memory in use after: 100.9 MB.

Unloading 14 unused Assets to reduce memory usage. Loaded Objects now: 2368.
Total: 3.015000 ms (FindLiveObjects: 0.168900 ms CreateObjectMapping: 0.067500 ms MarkObjects: 2.760300 ms  DeleteObjects: 0.016900 ms)

AssetImportParameters requested are different than current active one (requested -> active):
  custom:framework-win-MediaFoundation: 216162199b28c13a410421893ffa2e32 -> 
  custom:video-decoder-ogg-theora: a1e56fd34408186e4bbccfd4996cb3dc -> 
  custom:container-muxer-webm: aa71ff27fc2769a1b78a27578f13a17b -> 
  custom:container-demuxer-webm: 4f35f7cbe854078d1ac9338744f61a02 -> 
  custom:container-demuxer-ogg: 62fdf1f143b41e24485cea50d1cbac27 -> 
  custom:video-encoder-webm-vp8: eb34c28f22e8b96e1ab97ce403110664 -> 
  custom:video-codec-MediaFoundation-h265: 746d11721c4dcdbdad8f713fa42b33f4 -> 
  custom:video-decoder-webm-vp8: 9c59270c3fd7afecdb556c50c9e8de78 -> 
  custom:audio-decoder-ogg-vorbis: bf7c407c2cedff20999df2af8eb42d56 -> 
  custom:audio-encoder-webm-vorbis: bf7c407c2cedff20999df2af8eb42d56 -> 
========================================================================
Received Prepare
Registering precompiled user dll's ...
Registered in 0.005526 seconds.
Begin MonoManager ReloadAssembly
Native extension for WindowsStandalone target not found
Native extension for WebGL target not found
Refreshing native plugins compatible for Editor in 0.54 ms, found 2 plugins.
Preloading 0 native plugins for Editor in 0.00 ms.
Mono: successfully reloaded assembly
- Completed reload, in  1.366 seconds
Domain Reload Profiling:
	ReloadAssembly (1367ms)
		BeginReloadAssembly (143ms)
			ExecutionOrderSort (0ms)
			DisableScriptedObjects (7ms)
			BackupInstance (0ms)
			ReleaseScriptingObjects (0ms)
			CreateAndSetChildDomain (34ms)
		EndReloadAssembly (1124ms)
			LoadAssemblies (123ms)
			RebuildTransferFunctionScriptingTraits (0ms)
			SetupTypeCache (403ms)
			ReleaseScriptCaches (1ms)
			RebuildScriptCaches (51ms)
			SetupLoadedEditorAssemblies (406ms)
				LogAssemblyErrors (0ms)
				InitializePlatformSupportModulesInManaged (7ms)
				SetLoadedEditorAssemblies (1ms)
				RefreshPlugins (1ms)
				BeforeProcessingInitializeOnLoad (110ms)
				ProcessInitializeOnLoadAttributes (266ms)
				ProcessInitializeOnLoadMethodAttributes (12ms)
				AfterProcessingInitializeOnLoad (10ms)
				EditorAssembliesLoaded (0ms)
			ExecutionOrderSort2 (0ms)
			AwakeInstancesAfterBackupRestoration (10ms)
Platform modules already initialized, skipping
Refreshing native plugins compatible for Editor in 0.48 ms, found 2 plugins.
Preloading 0 native plugins for Editor in 0.00 ms.
Unloading 1796 Unused Serialized files (Serialized files now loaded: 0)
System memory in use before: 100.8 MB.
System memory in use after: 100.9 MB.

Unloading 14 unused Assets to reduce memory usage. Loaded Objects now: 2370.
Total: 3.046800 ms (FindLiveObjects: 0.183400 ms CreateObjectMapping: 0.073800 ms MarkObjects: 2.768700 ms  DeleteObjects: 0.019700 ms)

AssetImportParameters requested are different than current active one (requested -> active):
  custom:framework-win-MediaFoundation: 216162199b28c13a410421893ffa2e32 -> 
  custom:video-decoder-ogg-theora: a1e56fd34408186e4bbccfd4996cb3dc -> 
  custom:container-muxer-webm: aa71ff27fc2769a1b78a27578f13a17b -> 
  custom:container-demuxer-webm: 4f35f7cbe854078d1ac9338744f61a02 -> 
  custom:container-demuxer-ogg: 62fdf1f143b41e24485cea50d1cbac27 -> 
  custom:video-encoder-webm-vp8: eb34c28f22e8b96e1ab97ce403110664 -> 
  custom:video-codec-MediaFoundation-h265: 746d11721c4dcdbdad8f713fa42b33f4 -> 
  custom:video-decoder-webm-vp8: 9c59270c3fd7afecdb556c50c9e8de78 -> 
  custom:audio-decoder-ogg-vorbis: bf7c407c2cedff20999df2af8eb42d56 -> 
  custom:audio-encoder-webm-vorbis: bf7c407c2cedff20999df2af8eb42d56 -> 
========================================================================
Received Import Request.
  Time since last request: 470.123473 seconds.
  path: Assets/Enemies/Zombie
  artifactKey: Guid(7d9a651b6fdee9d4f9036e1b1135a075) Importer(815301076,1909f56bfc062723c751e8b465ee728b)
Start importing Assets/Enemies/Zombie using Guid(7d9a651b6fdee9d4f9036e1b1135a075) Importer(815301076,1909f56bfc062723c751e8b465ee728b)  -> (artifact id: 'd178a2ac468d38036c4cf653518673b6') in 0.008155 seconds 
  Import took 0.019190 seconds .

========================================================================
Received Import Request.
  Time since last request: 3.823072 seconds.
  path: Assets/Enemies/Zombie/Zombie.blend
  artifactKey: Guid(8d8d8c5b5471aa149a40a09e045a8ced) Importer(815301076,1909f56bfc062723c751e8b465ee728b)
Start importing Assets/Enemies/Zombie/Zombie.blend using Guid(8d8d8c5b5471aa149a40a09e045a8ced) Importer(815301076,1909f56bfc062723c751e8b465ee728b)  -> (artifact id: 'aa42f6995cff194aaf65424b2b72fff5') in 0.141281 seconds 
  Import took 0.145022 seconds .

========================================================================
Received Import Request.
  Time since last request: 82.089011 seconds.
  path: Assets/Enemies/Zombie/Zombie.blend
  artifactKey: Guid(8d8d8c5b5471aa149a40a09e045a8ced) Importer(815301076,1909f56bfc062723c751e8b465ee728b)
Start importing Assets/Enemies/Zombie/Zombie.blend using Guid(8d8d8c5b5471aa149a40a09e045a8ced) Importer(815301076,1909f56bfc062723c751e8b465ee728b)  -> (artifact id: '06f290c795991d61f2edd2b55013fefa') in 0.029318 seconds 
  Import took 0.032441 seconds .

========================================================================
Received Import Request.
  Time since last request: 770.810264 seconds.
  path: Assets/3DModels/Player 1.blend
  artifactKey: Guid(e70e74c474e35444c9fe039598893cc7) Importer(815301076,1909f56bfc062723c751e8b465ee728b)
Start importing Assets/3DModels/Player 1.blend using Guid(e70e74c474e35444c9fe039598893cc7) Importer(815301076,1909f56bfc062723c751e8b465ee728b)  -> (artifact id: '01eaa78039dfdac0eccb3eeda2572b60') in 0.054730 seconds 
  Import took 0.058354 seconds .

========================================================================
Received Import Request.
  Time since last request: 9.989114 seconds.
  path: Assets/Enemies/Zombie/Zombie.blend
  artifactKey: Guid(e70e74c474e35444c9fe039598893cc7) Importer(815301076,1909f56bfc062723c751e8b465ee728b)
Start importing Assets/Enemies/Zombie/Zombie.blend using Guid(e70e74c474e35444c9fe039598893cc7) Importer(815301076,1909f56bfc062723c751e8b465ee728b)  -> (artifact id: '0ebf493f4789c5eb73180920e73b11db') in 0.063903 seconds 
  Import took 0.067081 seconds .

========================================================================
Received Import Request.
  Time since last request: 883.096666 seconds.
  path: Assets/Enemies/Zombie/Zombie.blend
  artifactKey: Guid(e70e74c474e35444c9fe039598893cc7) Importer(815301076,1909f56bfc062723c751e8b465ee728b)
Start importing Assets/Enemies/Zombie/Zombie.blend using Guid(e70e74c474e35444c9fe039598893cc7) Importer(815301076,1909f56bfc062723c751e8b465ee728b)  -> (artifact id: 'd72974f254586667602d75f1adeff68f') in 0.031860 seconds 
  Import took 0.035874 seconds .

========================================================================
Received Import Request.
  Time since last request: 453.862472 seconds.
  path: Assets/Enemies/Zombie/Zombie.blend
  artifactKey: Guid(e70e74c474e35444c9fe039598893cc7) Importer(815301076,1909f56bfc062723c751e8b465ee728b)
Start importing Assets/Enemies/Zombie/Zombie.blend using Guid(e70e74c474e35444c9fe039598893cc7) Importer(815301076,1909f56bfc062723c751e8b465ee728b)  -> (artifact id: 'e7fe13235018dae9126c97390b1cb1cf') in 0.035560 seconds 
  Import took 0.039009 seconds .

========================================================================
Received Import Request.
  Time since last request: 42.510684 seconds.
  path: Assets/Enemies/Zombie/Zombie.prefab
  artifactKey: Guid(91d849a77864bb44a92c806f1a470992) Importer(815301076,1909f56bfc062723c751e8b465ee728b)
Start importing Assets/Enemies/Zombie/Zombie.prefab using Guid(91d849a77864bb44a92c806f1a470992) Importer(815301076,1909f56bfc062723c751e8b465ee728b)  -> (artifact id: 'a3694698b1d5d5e5ea9a72f87e67156e') in 0.014104 seconds 
  Import took 0.017672 seconds .

========================================================================
Received Import Request.
  Time since last request: 98.453327 seconds.
  path: Assets/Enemies/Zombie/Zombie.prefab
  artifactKey: Guid(91d849a77864bb44a92c806f1a470992) Importer(815301076,1909f56bfc062723c751e8b465ee728b)
Start importing Assets/Enemies/Zombie/Zombie.prefab using Guid(91d849a77864bb44a92c806f1a470992) Importer(815301076,1909f56bfc062723c751e8b465ee728b)  -> (artifact id: 'ac0e88f2f21270bdc39d2491c6a2d39b') in 0.014445 seconds 
  Import took 0.017991 seconds .

========================================================================
Received Import Request.
  Time since last request: 4.497428 seconds.
  path: Assets/Enemies/Zombie/Zombie.prefab
  artifactKey: Guid(91d849a77864bb44a92c806f1a470992) Importer(815301076,1909f56bfc062723c751e8b465ee728b)
Start importing Assets/Enemies/Zombie/Zombie.prefab using Guid(91d849a77864bb44a92c806f1a470992) Importer(815301076,1909f56bfc062723c751e8b465ee728b)  -> (artifact id: '38e4b56f20c18e7aa37de2b585dc5bac') in 0.017220 seconds 
  Import took 0.021505 seconds .

========================================================================
Received Import Request.
  Time since last request: 25.484761 seconds.
  path: Assets/Enemies/Zombie/Zombie.prefab
  artifactKey: Guid(91d849a77864bb44a92c806f1a470992) Importer(815301076,1909f56bfc062723c751e8b465ee728b)
Start importing Assets/Enemies/Zombie/Zombie.prefab using Guid(91d849a77864bb44a92c806f1a470992) Importer(815301076,1909f56bfc062723c751e8b465ee728b)  -> (artifact id: '6aa6d08c6cc19e4b864001dc7e9736c1') in 0.013949 seconds 
  Import took 0.017407 seconds .

========================================================================
Received Import Request.
  Time since last request: 22.895090 seconds.
  path: Assets/Enemies/EnemyScript.cs
  artifactKey: Guid(40f85702d519893498e15fa2bb601966) Importer(815301076,1909f56bfc062723c751e8b465ee728b)
Start importing Assets/Enemies/EnemyScript.cs using Guid(40f85702d519893498e15fa2bb601966) Importer(815301076,1909f56bfc062723c751e8b465ee728b)  -> (artifact id: '3b9eff8a3cb4d55dfa414a93426f07be') in 0.016707 seconds 
  Import took 0.020395 seconds .

========================================================================
Received Prepare
Registering precompiled user dll's ...
Registered in 0.004353 seconds.
Begin MonoManager ReloadAssembly
Native extension for WindowsStandalone target not found
Native extension for WebGL target not found
Refreshing native plugins compatible for Editor in 0.39 ms, found 2 plugins.
Preloading 0 native plugins for Editor in 0.00 ms.
Mono: successfully reloaded assembly
- Completed reload, in  0.883 seconds
Domain Reload Profiling:
	ReloadAssembly (883ms)
		BeginReloadAssembly (101ms)
			ExecutionOrderSort (0ms)
			DisableScriptedObjects (7ms)
			BackupInstance (0ms)
			ReleaseScriptingObjects (0ms)
			CreateAndSetChildDomain (29ms)
		EndReloadAssembly (725ms)
			LoadAssemblies (81ms)
			RebuildTransferFunctionScriptingTraits (0ms)
			SetupTypeCache (256ms)
			ReleaseScriptCaches (1ms)
			RebuildScriptCaches (35ms)
			SetupLoadedEditorAssemblies (264ms)
				LogAssemblyErrors (0ms)
				InitializePlatformSupportModulesInManaged (5ms)
				SetLoadedEditorAssemblies (0ms)
				RefreshPlugins (0ms)
				BeforeProcessingInitializeOnLoad (72ms)
				ProcessInitializeOnLoadAttributes (173ms)
				ProcessInitializeOnLoadMethodAttributes (7ms)
				AfterProcessingInitializeOnLoad (6ms)
				EditorAssembliesLoaded (0ms)
			ExecutionOrderSort2 (0ms)
			AwakeInstancesAfterBackupRestoration (6ms)
Platform modules already initialized, skipping
Refreshing native plugins compatible for Editor in 0.38 ms, found 2 plugins.
Preloading 0 native plugins for Editor in 0.00 ms.
Unloading 1796 Unused Serialized files (Serialized files now loaded: 0)
System memory in use before: 114.4 MB.
System memory in use after: 114.6 MB.

Unloading 14 unused Assets to reduce memory usage. Loaded Objects now: 2374.
Total: 2.511500 ms (FindLiveObjects: 0.165700 ms CreateObjectMapping: 0.066100 ms MarkObjects: 2.264900 ms  DeleteObjects: 0.013900 ms)

AssetImportParameters requested are different than current active one (requested -> active):
  custom:framework-win-MediaFoundation: 216162199b28c13a410421893ffa2e32 -> 
  custom:video-decoder-ogg-theora: a1e56fd34408186e4bbccfd4996cb3dc -> 
  custom:container-muxer-webm: aa71ff27fc2769a1b78a27578f13a17b -> 
  custom:container-demuxer-webm: 4f35f7cbe854078d1ac9338744f61a02 -> 
  custom:container-demuxer-ogg: 62fdf1f143b41e24485cea50d1cbac27 -> 
  custom:video-encoder-webm-vp8: eb34c28f22e8b96e1ab97ce403110664 -> 
  custom:video-codec-MediaFoundation-h265: 746d11721c4dcdbdad8f713fa42b33f4 -> 
  custom:video-decoder-webm-vp8: 9c59270c3fd7afecdb556c50c9e8de78 -> 
  custom:audio-decoder-ogg-vorbis: bf7c407c2cedff20999df2af8eb42d56 -> 
  custom:audio-encoder-webm-vorbis: bf7c407c2cedff20999df2af8eb42d56 -> 
========================================================================
Received Prepare
Registering precompiled user dll's ...
Registered in 0.004522 seconds.
Begin MonoManager ReloadAssembly
Native extension for WindowsStandalone target not found
Native extension for WebGL target not found
Refreshing native plugins compatible for Editor in 0.39 ms, found 2 plugins.
Preloading 0 native plugins for Editor in 0.00 ms.
Mono: successfully reloaded assembly
- Completed reload, in  0.875 seconds
Domain Reload Profiling:
	ReloadAssembly (875ms)
		BeginReloadAssembly (92ms)
			ExecutionOrderSort (0ms)
			DisableScriptedObjects (4ms)
			BackupInstance (0ms)
			ReleaseScriptingObjects (0ms)
			CreateAndSetChildDomain (25ms)
		EndReloadAssembly (727ms)
			LoadAssemblies (80ms)
			RebuildTransferFunctionScriptingTraits (0ms)
			SetupTypeCache (246ms)
			ReleaseScriptCaches (1ms)
			RebuildScriptCaches (35ms)
			SetupLoadedEditorAssemblies (273ms)
				LogAssemblyErrors (0ms)
				InitializePlatformSupportModulesInManaged (5ms)
				SetLoadedEditorAssemblies (0ms)
				RefreshPlugins (0ms)
				BeforeProcessingInitializeOnLoad (73ms)
				ProcessInitializeOnLoadAttributes (181ms)
				ProcessInitializeOnLoadMethodAttributes (7ms)
				AfterProcessingInitializeOnLoad (6ms)
				EditorAssembliesLoaded (0ms)
			ExecutionOrderSort2 (0ms)
			AwakeInstancesAfterBackupRestoration (6ms)
Platform modules already initialized, skipping
Refreshing native plugins compatible for Editor in 0.39 ms, found 2 plugins.
Preloading 0 native plugins for Editor in 0.00 ms.
Unloading 1796 Unused Serialized files (Serialized files now loaded: 0)
System memory in use before: 114.5 MB.
System memory in use after: 114.6 MB.

Unloading 14 unused Assets to reduce memory usage. Loaded Objects now: 2376.
Total: 3.049300 ms (FindLiveObjects: 0.167200 ms CreateObjectMapping: 0.055500 ms MarkObjects: 2.812500 ms  DeleteObjects: 0.013500 ms)

AssetImportParameters requested are different than current active one (requested -> active):
  custom:framework-win-MediaFoundation: 216162199b28c13a410421893ffa2e32 -> 
  custom:video-decoder-ogg-theora: a1e56fd34408186e4bbccfd4996cb3dc -> 
  custom:container-muxer-webm: aa71ff27fc2769a1b78a27578f13a17b -> 
  custom:container-demuxer-webm: 4f35f7cbe854078d1ac9338744f61a02 -> 
  custom:container-demuxer-ogg: 62fdf1f143b41e24485cea50d1cbac27 -> 
  custom:video-encoder-webm-vp8: eb34c28f22e8b96e1ab97ce403110664 -> 
  custom:video-codec-MediaFoundation-h265: 746d11721c4dcdbdad8f713fa42b33f4 -> 
  custom:video-decoder-webm-vp8: 9c59270c3fd7afecdb556c50c9e8de78 -> 
  custom:audio-decoder-ogg-vorbis: bf7c407c2cedff20999df2af8eb42d56 -> 
  custom:audio-encoder-webm-vorbis: bf7c407c2cedff20999df2af8eb42d56 -> 
========================================================================
Received Prepare
Registering precompiled user dll's ...
Registered in 0.004610 seconds.
Begin MonoManager ReloadAssembly
Native extension for WindowsStandalone target not found
Native extension for WebGL target not found
Refreshing native plugins compatible for Editor in 0.37 ms, found 2 plugins.
Preloading 0 native plugins for Editor in 0.00 ms.
Mono: successfully reloaded assembly
- Completed reload, in  0.911 seconds
Domain Reload Profiling:
	ReloadAssembly (912ms)
		BeginReloadAssembly (107ms)
			ExecutionOrderSort (0ms)
			DisableScriptedObjects (4ms)
			BackupInstance (0ms)
			ReleaseScriptingObjects (0ms)
			CreateAndSetChildDomain (27ms)
		EndReloadAssembly (742ms)
			LoadAssemblies (88ms)
			RebuildTransferFunctionScriptingTraits (0ms)
			SetupTypeCache (267ms)
			ReleaseScriptCaches (1ms)
			RebuildScriptCaches (36ms)
			SetupLoadedEditorAssemblies (263ms)
				LogAssemblyErrors (0ms)
				InitializePlatformSupportModulesInManaged (5ms)
				SetLoadedEditorAssemblies (0ms)
				RefreshPlugins (0ms)
				BeforeProcessingInitializeOnLoad (75ms)
				ProcessInitializeOnLoadAttributes (168ms)
				ProcessInitializeOnLoadMethodAttributes (7ms)
				AfterProcessingInitializeOnLoad (6ms)
				EditorAssembliesLoaded (0ms)
			ExecutionOrderSort2 (0ms)
			AwakeInstancesAfterBackupRestoration (7ms)
Platform modules already initialized, skipping
Refreshing native plugins compatible for Editor in 0.40 ms, found 2 plugins.
Preloading 0 native plugins for Editor in 0.00 ms.
Unloading 1796 Unused Serialized files (Serialized files now loaded: 0)
System memory in use before: 114.5 MB.
System memory in use after: 114.6 MB.

Unloading 14 unused Assets to reduce memory usage. Loaded Objects now: 2378.
Total: 2.588300 ms (FindLiveObjects: 0.161500 ms CreateObjectMapping: 0.066100 ms MarkObjects: 2.345900 ms  DeleteObjects: 0.013800 ms)

AssetImportParameters requested are different than current active one (requested -> active):
  custom:framework-win-MediaFoundation: 216162199b28c13a410421893ffa2e32 -> 
  custom:video-decoder-ogg-theora: a1e56fd34408186e4bbccfd4996cb3dc -> 
  custom:container-muxer-webm: aa71ff27fc2769a1b78a27578f13a17b -> 
  custom:container-demuxer-webm: 4f35f7cbe854078d1ac9338744f61a02 -> 
  custom:container-demuxer-ogg: 62fdf1f143b41e24485cea50d1cbac27 -> 
  custom:video-encoder-webm-vp8: eb34c28f22e8b96e1ab97ce403110664 -> 
  custom:video-codec-MediaFoundation-h265: 746d11721c4dcdbdad8f713fa42b33f4 -> 
  custom:video-decoder-webm-vp8: 9c59270c3fd7afecdb556c50c9e8de78 -> 
  custom:audio-decoder-ogg-vorbis: bf7c407c2cedff20999df2af8eb42d56 -> 
  custom:audio-encoder-webm-vorbis: bf7c407c2cedff20999df2af8eb42d56 -> 
========================================================================
Received Prepare
Registering precompiled user dll's ...
Registered in 0.004865 seconds.
Begin MonoManager ReloadAssembly
Native extension for WindowsStandalone target not found
Native extension for WebGL target not found
Refreshing native plugins compatible for Editor in 0.41 ms, found 2 plugins.
Preloading 0 native plugins for Editor in 0.00 ms.
Mono: successfully reloaded assembly
- Completed reload, in  0.913 seconds
Domain Reload Profiling:
	ReloadAssembly (913ms)
		BeginReloadAssembly (102ms)
			ExecutionOrderSort (0ms)
			DisableScriptedObjects (4ms)
			BackupInstance (0ms)
			ReleaseScriptingObjects (0ms)
			CreateAndSetChildDomain (26ms)
		EndReloadAssembly (749ms)
			LoadAssemblies (77ms)
			RebuildTransferFunctionScriptingTraits (0ms)
			SetupTypeCache (260ms)
			ReleaseScriptCaches (1ms)
			RebuildScriptCaches (35ms)
			SetupLoadedEditorAssemblies (281ms)
				LogAssemblyErrors (0ms)
				InitializePlatformSupportModulesInManaged (6ms)
				SetLoadedEditorAssemblies (0ms)
				RefreshPlugins (0ms)
				BeforeProcessingInitializeOnLoad (79ms)
				ProcessInitializeOnLoadAttributes (181ms)
				ProcessInitializeOnLoadMethodAttributes (7ms)
				AfterProcessingInitializeOnLoad (7ms)
				EditorAssembliesLoaded (0ms)
			ExecutionOrderSort2 (0ms)
			AwakeInstancesAfterBackupRestoration (7ms)
Platform modules already initialized, skipping
Refreshing native plugins compatible for Editor in 0.42 ms, found 2 plugins.
Preloading 0 native plugins for Editor in 0.00 ms.
Unloading 1796 Unused Serialized files (Serialized files now loaded: 0)
System memory in use before: 114.5 MB.
System memory in use after: 114.6 MB.

Unloading 14 unused Assets to reduce memory usage. Loaded Objects now: 2380.
Total: 2.747700 ms (FindLiveObjects: 0.189300 ms CreateObjectMapping: 0.077700 ms MarkObjects: 2.464100 ms  DeleteObjects: 0.015600 ms)

AssetImportParameters requested are different than current active one (requested -> active):
  custom:framework-win-MediaFoundation: 216162199b28c13a410421893ffa2e32 -> 
  custom:video-decoder-ogg-theora: a1e56fd34408186e4bbccfd4996cb3dc -> 
  custom:container-muxer-webm: aa71ff27fc2769a1b78a27578f13a17b -> 
  custom:container-demuxer-webm: 4f35f7cbe854078d1ac9338744f61a02 -> 
  custom:container-demuxer-ogg: 62fdf1f143b41e24485cea50d1cbac27 -> 
  custom:video-encoder-webm-vp8: eb34c28f22e8b96e1ab97ce403110664 -> 
  custom:video-codec-MediaFoundation-h265: 746d11721c4dcdbdad8f713fa42b33f4 -> 
  custom:video-decoder-webm-vp8: 9c59270c3fd7afecdb556c50c9e8de78 -> 
  custom:audio-decoder-ogg-vorbis: bf7c407c2cedff20999df2af8eb42d56 -> 
  custom:audio-encoder-webm-vorbis: bf7c407c2cedff20999df2af8eb42d56 -> 
========================================================================
Received Import Request.
  Time since last request: 326.565831 seconds.
  path: Assets/Enemies/Zombie/ZombieController.controller
  artifactKey: Guid(e0acdaa2299b64544a32433c22bf74bd) Importer(815301076,1909f56bfc062723c751e8b465ee728b)
Start importing Assets/Enemies/Zombie/ZombieController.controller using Guid(e0acdaa2299b64544a32433c22bf74bd) Importer(815301076,1909f56bfc062723c751e8b465ee728b)  -> (artifact id: '3420cb6756778cabfdd03d2d0172ecb4') in 0.043674 seconds 
  Import took 0.047362 seconds .

========================================================================
Received Import Request.
  Time since last request: 9.304938 seconds.
  path: Assets/Enemies/Zombie/Zombie.blend
  artifactKey: Guid(e70e74c474e35444c9fe039598893cc7) Importer(815301076,1909f56bfc062723c751e8b465ee728b)
Start importing Assets/Enemies/Zombie/Zombie.blend using Guid(e70e74c474e35444c9fe039598893cc7) Importer(815301076,1909f56bfc062723c751e8b465ee728b)  -> (artifact id: '1bfd73fdee72eb47d96b0221cd0639bf') in 0.089344 seconds 
  Import took 0.101079 seconds .

========================================================================
Received Import Request.
  Time since last request: 1.689228 seconds.
  path: Assets/Enemies/Zombie/Zombie.prefab
  artifactKey: Guid(91d849a77864bb44a92c806f1a470992) Importer(815301076,1909f56bfc062723c751e8b465ee728b)
Start importing Assets/Enemies/Zombie/Zombie.prefab using Guid(91d849a77864bb44a92c806f1a470992) Importer(815301076,1909f56bfc062723c751e8b465ee728b)  -> (artifact id: '312820f576b087eabcd27f029edf727c') in 0.014628 seconds 
  Import took 0.018329 seconds .

========================================================================
Received Prepare
Registering precompiled user dll's ...
Registered in 0.004625 seconds.
Begin MonoManager ReloadAssembly
Native extension for WindowsStandalone target not found
Native extension for WebGL target not found
Refreshing native plugins compatible for Editor in 0.37 ms, found 2 plugins.
Preloading 0 native plugins for Editor in 0.00 ms.
Mono: successfully reloaded assembly
- Completed reload, in  0.871 seconds
Domain Reload Profiling:
	ReloadAssembly (872ms)
		BeginReloadAssembly (96ms)
			ExecutionOrderSort (0ms)
			DisableScriptedObjects (4ms)
			BackupInstance (0ms)
			ReleaseScriptingObjects (0ms)
			CreateAndSetChildDomain (28ms)
		EndReloadAssembly (719ms)
			LoadAssemblies (81ms)
			RebuildTransferFunctionScriptingTraits (0ms)
			SetupTypeCache (257ms)
			ReleaseScriptCaches (1ms)
			RebuildScriptCaches (36ms)
			SetupLoadedEditorAssemblies (258ms)
				LogAssemblyErrors (0ms)
				InitializePlatformSupportModulesInManaged (5ms)
				SetLoadedEditorAssemblies (0ms)
				RefreshPlugins (0ms)
				BeforeProcessingInitializeOnLoad (73ms)
				ProcessInitializeOnLoadAttributes (167ms)
				ProcessInitializeOnLoadMethodAttributes (7ms)
				AfterProcessingInitializeOnLoad (6ms)
				EditorAssembliesLoaded (0ms)
			ExecutionOrderSort2 (0ms)
			AwakeInstancesAfterBackupRestoration (6ms)
Platform modules already initialized, skipping
Refreshing native plugins compatible for Editor in 0.40 ms, found 2 plugins.
Preloading 0 native plugins for Editor in 0.00 ms.
Unloading 1796 Unused Serialized files (Serialized files now loaded: 0)
System memory in use before: 114.5 MB.
System memory in use after: 114.6 MB.

Unloading 14 unused Assets to reduce memory usage. Loaded Objects now: 2383.
Total: 2.750700 ms (FindLiveObjects: 0.183200 ms CreateObjectMapping: 0.076000 ms MarkObjects: 2.475600 ms  DeleteObjects: 0.015000 ms)

AssetImportParameters requested are different than current active one (requested -> active):
  custom:framework-win-MediaFoundation: 216162199b28c13a410421893ffa2e32 -> 
  custom:video-decoder-ogg-theora: a1e56fd34408186e4bbccfd4996cb3dc -> 
  custom:container-muxer-webm: aa71ff27fc2769a1b78a27578f13a17b -> 
  custom:container-demuxer-webm: 4f35f7cbe854078d1ac9338744f61a02 -> 
  custom:container-demuxer-ogg: 62fdf1f143b41e24485cea50d1cbac27 -> 
  custom:video-encoder-webm-vp8: eb34c28f22e8b96e1ab97ce403110664 -> 
  custom:video-codec-MediaFoundation-h265: 746d11721c4dcdbdad8f713fa42b33f4 -> 
  custom:video-decoder-webm-vp8: 9c59270c3fd7afecdb556c50c9e8de78 -> 
  custom:audio-decoder-ogg-vorbis: bf7c407c2cedff20999df2af8eb42d56 -> 
  custom:audio-encoder-webm-vorbis: bf7c407c2cedff20999df2af8eb42d56 -> 
========================================================================
Received Import Request.
  Time since last request: 16.951848 seconds.
  path: Assets/Enemies/Zombie/ZombieController.controller
  artifactKey: Guid(e0acdaa2299b64544a32433c22bf74bd) Importer(815301076,1909f56bfc062723c751e8b465ee728b)
Start importing Assets/Enemies/Zombie/ZombieController.controller using Guid(e0acdaa2299b64544a32433c22bf74bd) Importer(815301076,1909f56bfc062723c751e8b465ee728b)  -> (artifact id: 'bc5e3f0c43d4115a471ddf9b6469f272') in 0.019443 seconds 
  Import took 0.022165 seconds .

========================================================================
Received Prepare
Registering precompiled user dll's ...
Registered in 0.004295 seconds.
Begin MonoManager ReloadAssembly
Native extension for WindowsStandalone target not found
Native extension for WebGL target not found
Refreshing native plugins compatible for Editor in 0.37 ms, found 2 plugins.
Preloading 0 native plugins for Editor in 0.00 ms.
Mono: successfully reloaded assembly
- Completed reload, in  0.886 seconds
Domain Reload Profiling:
	ReloadAssembly (886ms)
		BeginReloadAssembly (98ms)
			ExecutionOrderSort (0ms)
			DisableScriptedObjects (4ms)
			BackupInstance (0ms)
			ReleaseScriptingObjects (0ms)
			CreateAndSetChildDomain (29ms)
		EndReloadAssembly (727ms)
			LoadAssemblies (88ms)
			RebuildTransferFunctionScriptingTraits (0ms)
			SetupTypeCache (259ms)
			ReleaseScriptCaches (1ms)
			RebuildScriptCaches (35ms)
			SetupLoadedEditorAssemblies (256ms)
				LogAssemblyErrors (0ms)
				InitializePlatformSupportModulesInManaged (5ms)
				SetLoadedEditorAssemblies (0ms)
				RefreshPlugins (0ms)
				BeforeProcessingInitializeOnLoad (72ms)
				ProcessInitializeOnLoadAttributes (166ms)
				ProcessInitializeOnLoadMethodAttributes (7ms)
				AfterProcessingInitializeOnLoad (6ms)
				EditorAssembliesLoaded (0ms)
			ExecutionOrderSort2 (0ms)
			AwakeInstancesAfterBackupRestoration (6ms)
Platform modules already initialized, skipping
Refreshing native plugins compatible for Editor in 0.39 ms, found 2 plugins.
Preloading 0 native plugins for Editor in 0.00 ms.
Unloading 1796 Unused Serialized files (Serialized files now loaded: 0)
System memory in use before: 114.5 MB.
System memory in use after: 114.6 MB.

Unloading 14 unused Assets to reduce memory usage. Loaded Objects now: 2385.
Total: 2.957200 ms (FindLiveObjects: 0.167400 ms CreateObjectMapping: 0.047700 ms MarkObjects: 2.727100 ms  DeleteObjects: 0.014000 ms)

AssetImportParameters requested are different than current active one (requested -> active):
  custom:framework-win-MediaFoundation: 216162199b28c13a410421893ffa2e32 -> 
  custom:video-decoder-ogg-theora: a1e56fd34408186e4bbccfd4996cb3dc -> 
  custom:container-muxer-webm: aa71ff27fc2769a1b78a27578f13a17b -> 
  custom:container-demuxer-webm: 4f35f7cbe854078d1ac9338744f61a02 -> 
  custom:container-demuxer-ogg: 62fdf1f143b41e24485cea50d1cbac27 -> 
  custom:video-encoder-webm-vp8: eb34c28f22e8b96e1ab97ce403110664 -> 
  custom:video-codec-MediaFoundation-h265: 746d11721c4dcdbdad8f713fa42b33f4 -> 
  custom:video-decoder-webm-vp8: 9c59270c3fd7afecdb556c50c9e8de78 -> 
  custom:audio-decoder-ogg-vorbis: bf7c407c2cedff20999df2af8eb42d56 -> 
  custom:audio-encoder-webm-vorbis: bf7c407c2cedff20999df2af8eb42d56 -> 
========================================================================
Received Import Request.
  Time since last request: 1749.871003 seconds.
  path: Assets/Enemies/Zombie/Zombie.blend
  artifactKey: Guid(e70e74c474e35444c9fe039598893cc7) Importer(815301076,1909f56bfc062723c751e8b465ee728b)
Start importing Assets/Enemies/Zombie/Zombie.blend using Guid(e70e74c474e35444c9fe039598893cc7) Importer(815301076,1909f56bfc062723c751e8b465ee728b)  -> (artifact id: 'b87975b9c37d00e4e50c36e0fb1c32e8') in 0.123038 seconds 
  Import took 0.127505 seconds .

